2025-08-18 10:17:01,634 [INFO] Activator:176 - 


2025-08-18 10:17:01,643 [INFO] Activator:177 - !SESSION log4j initialized
2025-08-18 10:17:08,820 [INFO] LogOutputStream:77 - [STDOUT_REDIRECT] 
2025-08-18 10:17:09,457 [ERROR] ConfigurationRetriever:142 - IOException on connection: sw-center.st.com
2025-08-18 10:17:09,459 [ERROR] ConfigurationRetriever:142 - IOException on connection: sw-center.st.com
2025-08-18 10:17:09,460 [ERROR] ConfigurationRetriever:142 - IOException on connection: sw-center.st.com
2025-08-18 10:17:10,241 [INFO] ApplicationProperties:184 - Using Application install path: /opt/st/stm32cubeide_1.18.0/plugins/com.st.stm32cube.common.mx_6.14.0.202502271554
2025-08-18 10:17:10,303 [INFO] DbMcusXml:78 - Set database path to: /opt/st/stm32cubeide_1.18.0/plugins/com.st.stm32cube.common.mx_6.14.0.202502271554//db//mcu/
2025-08-18 10:17:10,304 [INFO] ApiDb:274 - Set plugin database path to: /opt/st/stm32cubeide_1.18.0/plugins/com.st.stm32cube.common.mx_6.14.0.202502271554//db//plugins/boardmanager/
2025-08-18 10:17:10,304 [WARN] ApiDb:259 - Overriding images path with different value:  => /opt/st/stm32cubeide_1.18.0/plugins/com.st.stm32cube.common.mx_6.14.0.202502271554//db//plugins/mcufinder/images/
2025-08-18 10:17:10,350 [INFO] ApiDb:250 - Set database path to: /home/xubuntu/.stmcufinder/plugins/mcufinder//mcu/
2025-08-18 10:17:10,352 [INFO] DbMcusAds:125 - Set database path to: /home/xubuntu/.stmcufinder/plugins/mcufinder//mcu/
2025-08-18 10:17:10,363 [INFO] CrossReferenceDbSqlite:203 - Set database path to: /home/xubuntu/.stmcufinder/plugins/mcufinder//mcu/cs/
2025-08-18 10:17:10,635 [INFO] RulesReader:64 - Compatibility file has been processed (301 Rules)
2025-08-18 10:17:10,751 [INFO] DbMcusXml:78 - Set database path to: /opt/st/stm32cubeide_1.18.0/plugins/com.st.stm32cube.common.mx_6.14.0.202502271554//db//mcu/
2025-08-18 10:17:10,752 [INFO] ApiDb:274 - Set plugin database path to: /opt/st/stm32cubeide_1.18.0/plugins/com.st.stm32cube.common.mx_6.14.0.202502271554//db//plugins/boardmanager/
2025-08-18 10:17:10,752 [INFO] ApiDb:261 - Set plugin images path to: /opt/st/stm32cubeide_1.18.0/plugins/com.st.stm32cube.common.mx_6.14.0.202502271554//db//plugins/mcufinder/images/
2025-08-18 10:17:10,752 [WARN] DbFile:41 - Overriding database path with different value: /home/xubuntu/.stmcufinder/plugins/mcufinder/ => /home/xubuntu/.stmcufinder/plugins/mcufinder
2025-08-18 10:17:10,752 [INFO] ApiDb:250 - Set database path to: /home/xubuntu/.stmcufinder/plugins/mcufinder//mcu/
2025-08-18 10:17:10,752 [WARN] DbFile:41 - Overriding database path with different value: /home/xubuntu/.stmcufinder/plugins/mcufinder/ => /home/xubuntu/.stmcufinder/plugins/mcufinder
2025-08-18 10:17:10,753 [INFO] DbMcusAds:125 - Set database path to: /home/xubuntu/.stmcufinder/plugins/mcufinder//mcu/
2025-08-18 10:17:10,753 [WARN] DbFile:41 - Overriding database path with different value: /home/xubuntu/.stmcufinder/plugins/mcufinder/ => /home/xubuntu/.stmcufinder/plugins/mcufinder
2025-08-18 10:17:10,753 [WARN] DbFile:41 - Overriding database path with different value: /home/xubuntu/.stmcufinder/plugins/mcufinder/ => /home/xubuntu/.stmcufinder/plugins/mcufinder
2025-08-18 10:17:10,753 [INFO] CrossReferenceDbSqlite:203 - Set database path to: /home/xubuntu/.stmcufinder/plugins/mcufinder//mcu/cs/
2025-08-18 10:17:10,900 [INFO] MainPanel:272 - HeapMemory: 268435456
2025-08-18 10:17:11,283 [INFO] DbMcusXml:78 - Set database path to: /opt/st/stm32cubeide_1.18.0/plugins/com.st.stm32cube.common.mx_6.14.0.202502271554//db//mcu/
2025-08-18 10:17:11,283 [INFO] ApiDb:274 - Set plugin database path to: /opt/st/stm32cubeide_1.18.0/plugins/com.st.stm32cube.common.mx_6.14.0.202502271554//db//plugins/boardmanager/
2025-08-18 10:17:11,283 [INFO] ApiDb:261 - Set plugin images path to: /opt/st/stm32cubeide_1.18.0/plugins/com.st.stm32cube.common.mx_6.14.0.202502271554//db//plugins/mcufinder/images/
2025-08-18 10:17:11,284 [WARN] DbFile:41 - Overriding database path with different value: /home/xubuntu/.stmcufinder/plugins/mcufinder/ => /home/xubuntu/.stmcufinder/plugins/mcufinder
2025-08-18 10:17:11,284 [INFO] ApiDb:250 - Set database path to: /home/xubuntu/.stmcufinder/plugins/mcufinder//mcu/
2025-08-18 10:17:11,284 [WARN] DbFile:41 - Overriding database path with different value: /home/xubuntu/.stmcufinder/plugins/mcufinder/ => /home/xubuntu/.stmcufinder/plugins/mcufinder
2025-08-18 10:17:11,284 [INFO] DbMcusAds:125 - Set database path to: /home/xubuntu/.stmcufinder/plugins/mcufinder//mcu/
2025-08-18 10:17:11,284 [WARN] DbFile:41 - Overriding database path with different value: /home/xubuntu/.stmcufinder/plugins/mcufinder/ => /home/xubuntu/.stmcufinder/plugins/mcufinder
2025-08-18 10:17:11,285 [WARN] DbFile:41 - Overriding database path with different value: /home/xubuntu/.stmcufinder/plugins/mcufinder/ => /home/xubuntu/.stmcufinder/plugins/mcufinder
2025-08-18 10:17:11,285 [INFO] CrossReferenceDbSqlite:203 - Set database path to: /home/xubuntu/.stmcufinder/plugins/mcufinder//mcu/cs/
2025-08-18 10:17:11,310 [INFO] ApplicationProperties:184 - Using Application install path: /opt/st/stm32cubeide_1.18.0/plugins/com.st.stm32cube.common.mx_6.14.0.202502271554
2025-08-18 10:17:11,312 [INFO] PluginManage:196 - Search for loadable plugins [exclusion list=, ]
2025-08-18 10:17:11,318 [INFO] PluginManage:310 - Check plugin analytics
2025-08-18 10:17:11,633 [INFO] AnalyticsPlugin:253 - Accepted Software Licenses: 
2025-08-18 10:17:11,633 [INFO] AnalyticsPlugin:255 - Accepted CMSIS Pack Licenses: 
2025-08-18 10:17:11,634 [INFO] AnalyticsPlugin:257 - Accepted Firmware Licenses: 
2025-08-18 10:17:11,638 [INFO] PluginManage:359 - Loaded plugin analytics (category:tool,tabindex:-1)
2025-08-18 10:17:11,638 [INFO] PluginManage:310 - Check plugin cadmodel
2025-08-18 10:17:11,638 [ERROR] ConfigurationRetriever:142 - IOException on connection: sw-center.st.com
2025-08-18 10:17:11,639 [ERROR] ConfigurationRetriever:142 - IOException on connection: sw-center.st.com
2025-08-18 10:17:11,640 [ERROR] ConfigurationRetriever:142 - IOException on connection: sw-center.st.com
2025-08-18 10:17:11,657 [INFO] CADModel:105 - Init CAD model plugin
2025-08-18 10:17:11,658 [INFO] PluginManage:359 - Loaded plugin cadmodel (category:power,tabindex:5)
2025-08-18 10:17:11,658 [INFO] PluginManage:310 - Check plugin clock
2025-08-18 10:17:11,682 [INFO] PluginManage:359 - Loaded plugin clock (category:base,tabindex:2)
2025-08-18 10:17:11,683 [INFO] PluginManage:310 - Check plugin ddr
2025-08-18 10:17:11,688 [INFO] PluginManage:359 - Loaded plugin ddr (category:tool,tabindex:6)
2025-08-18 10:17:11,689 [INFO] PluginManage:310 - Check plugin filemanager
2025-08-18 10:17:11,919 [INFO] PluginManage:359 - Loaded plugin filemanager (category:base,tabindex:10)
2025-08-18 10:17:11,920 [INFO] PluginManage:310 - Check plugin ipmanager
2025-08-18 10:17:11,928 [INFO] PluginManage:359 - Loaded plugin ipmanager (category:base,tabindex:5)
2025-08-18 10:17:11,928 [INFO] PluginManage:310 - Check plugin lpbam
2025-08-18 10:17:11,958 [INFO] PluginManage:359 - Loaded plugin lpbam (category:base,tabindex:0)
2025-08-18 10:17:11,958 [INFO] PluginManage:310 - Check plugin memorymap
2025-08-18 10:17:11,991 [INFO] PluginManage:359 - Loaded plugin memorymap (category:base,tabindex:4)
2025-08-18 10:17:11,991 [INFO] PluginManage:310 - Check plugin pinoutandconfiguration
2025-08-18 10:17:12,020 [INFO] PluginManage:359 - Loaded plugin pinoutandconfiguration (category:base,tabindex:1)
2025-08-18 10:17:12,021 [INFO] PluginManage:310 - Check plugin pinoutconfig
2025-08-18 10:17:12,200 [WARN] SupportedApi:132 - Cannot load RTOS API schema: s4s-elt-must-match.1: The content of 'definitions' must match (annotation?, (simpleType | complexType)?, (unique | key | keyref)*)). A problem was found starting at: attribute.
2025-08-18 10:17:12,443 [INFO] PluginManage:359 - Loaded plugin pinoutconfig (category:base,tabindex:0)
2025-08-18 10:17:12,444 [INFO] PluginManage:310 - Check plugin power
2025-08-18 10:17:12,472 [INFO] PluginManage:359 - Loaded plugin power (category:power,tabindex:4)
2025-08-18 10:17:12,473 [INFO] PluginManage:310 - Check plugin projectmanager
2025-08-18 10:17:12,498 [INFO] PluginManage:359 - Loaded plugin projectmanager (category:projectmanager,tabindex:4)
2025-08-18 10:17:12,499 [INFO] PluginManage:310 - Check plugin rif
2025-08-18 10:17:12,521 [INFO] PluginManage:359 - Loaded plugin rif (category:base,tabindex:3)
2025-08-18 10:17:12,521 [INFO] PluginManage:310 - Check plugin thirdparty
2025-08-18 10:17:12,792 [WARN] IntegrityCheckThread:84 - waiting for thirdparty lock release [integrity check]
2025-08-18 10:17:12,792 [INFO] PluginManage:359 - Loaded plugin thirdparty (category:base,tabindex:-1)
2025-08-18 10:17:12,792 [INFO] IntegrityCheckThread:86 - entering critical section [integrity check]
2025-08-18 10:17:12,792 [INFO] PluginManage:310 - Check plugin tools
2025-08-18 10:17:12,793 [INFO] ThirdPartyUpdaterWithRetryManager:70 - Updater plugin not ready yet. [1/15]
2025-08-18 10:17:12,797 [INFO] PluginManage:359 - Loaded plugin tools (category:base,tabindex:7)
2025-08-18 10:17:12,797 [INFO] PluginManage:310 - Check plugin tutovideos
2025-08-18 10:17:13,165 [INFO] PluginManage:359 - Loaded plugin tutovideos (category:base,tabindex:-1)
2025-08-18 10:17:13,166 [INFO] PluginManage:310 - Check plugin updater
2025-08-18 10:17:13,225 [INFO] PluginManage:359 - Loaded plugin updater (category:base,tabindex:12)
2025-08-18 10:17:13,226 [INFO] PluginManage:310 - Check plugin userauth
2025-08-18 10:17:13,234 [INFO] UserAuth:118 - Init User Auth plugin
2025-08-18 10:17:13,236 [INFO] PluginManage:359 - Loaded plugin userauth (category:base,tabindex:14)
2025-08-18 10:17:13,237 [INFO] PluginManage:283 - PluginManage : Loaded plugins [18]
2025-08-18 10:17:13,651 [INFO] PinOutPanel:1589 - setPackage(No Configuration,No Configuration)
2025-08-18 10:17:13,808 [INFO] CADModel:165 - CPN selected for project level
2025-08-18 10:17:13,808 [INFO] CADModel:114 - Register for checkConnection events
2025-08-18 10:17:13,850 [INFO] IPUIPlugin:80 - create IPUIPlugin
2025-08-18 10:17:13,850 [INFO] PluginManager:220 - loadIPPluginJar : add opamp
2025-08-18 10:17:13,854 [INFO] IPUIPlugin:80 - create IPUIPlugin
2025-08-18 10:17:13,855 [INFO] PluginManager:220 - loadIPPluginJar : add radio
2025-08-18 10:17:13,861 [INFO] IPUIPlugin:80 - create IPUIPlugin
2025-08-18 10:17:13,861 [INFO] PluginManager:220 - loadIPPluginJar : add usbx
2025-08-18 10:17:13,872 [INFO] IPUIPlugin:80 - create IPUIPlugin
2025-08-18 10:17:13,872 [INFO] PluginManager:220 - loadIPPluginJar : add resmgrutility
2025-08-18 10:17:13,879 [INFO] IPUIPlugin:80 - create IPUIPlugin
2025-08-18 10:17:13,879 [INFO] PluginManager:220 - loadIPPluginJar : add gfxmmu
2025-08-18 10:17:13,896 [INFO] IPUIPlugin:80 - create IPUIPlugin
2025-08-18 10:17:13,897 [INFO] PluginManager:220 - loadIPPluginJar : add freertos
2025-08-18 10:17:13,904 [INFO] IPUIPlugin:80 - create IPUIPlugin
2025-08-18 10:17:13,905 [INFO] PluginManager:220 - loadIPPluginJar : add usart
2025-08-18 10:17:13,910 [INFO] IPUIPlugin:80 - create IPUIPlugin
2025-08-18 10:17:13,910 [INFO] PluginManager:220 - loadIPPluginJar : add ts
2025-08-18 10:17:13,926 [INFO] IPUIPlugin:80 - create IPUIPlugin
2025-08-18 10:17:13,926 [INFO] PluginManager:220 - loadIPPluginJar : add stm32_wpan
2025-08-18 10:17:13,933 [INFO] IPUIPlugin:80 - create IPUIPlugin
2025-08-18 10:17:13,933 [INFO] PluginManager:220 - loadIPPluginJar : add extmemmanager
2025-08-18 10:17:13,952 [INFO] IPUIPlugin:80 - create IPUIPlugin
2025-08-18 10:17:13,954 [INFO] PluginManager:220 - loadIPPluginJar : add mdma
2025-08-18 10:17:13,959 [INFO] IPUIPlugin:80 - create IPUIPlugin
2025-08-18 10:17:13,959 [INFO] PluginManager:220 - loadIPPluginJar : add tracer_emb
2025-08-18 10:17:13,966 [INFO] IPUIPlugin:80 - create IPUIPlugin
2025-08-18 10:17:13,966 [INFO] PluginManager:220 - loadIPPluginJar : add pdm2pcm
2025-08-18 10:17:13,971 [INFO] IPUIPlugin:80 - create IPUIPlugin
2025-08-18 10:17:13,972 [INFO] PluginManager:220 - loadIPPluginJar : add i2s
2025-08-18 10:17:13,979 [INFO] IPUIPlugin:80 - create IPUIPlugin
2025-08-18 10:17:13,979 [INFO] PluginManager:220 - loadIPPluginJar : add openamp
2025-08-18 10:17:13,984 [INFO] IPUIPlugin:80 - create IPUIPlugin
2025-08-18 10:17:13,984 [INFO] PluginManager:220 - loadIPPluginJar : add i2c
2025-08-18 10:17:13,996 [INFO] IPUIPlugin:80 - create IPUIPlugin
2025-08-18 10:17:13,997 [INFO] PluginManager:220 - loadIPPluginJar : add dma
2025-08-18 10:17:14,001 [INFO] IPUIPlugin:80 - create IPUIPlugin
2025-08-18 10:17:14,002 [INFO] PluginManager:220 - loadIPPluginJar : add cryp
2025-08-18 10:17:14,006 [INFO] IPUIPlugin:80 - create IPUIPlugin
2025-08-18 10:17:14,007 [INFO] PluginManager:220 - loadIPPluginJar : add i3c
2025-08-18 10:17:14,018 [INFO] IPUIPlugin:80 - create IPUIPlugin
2025-08-18 10:17:14,018 [INFO] PluginManager:220 - loadIPPluginJar : add gic
2025-08-18 10:17:14,026 [INFO] IPUIPlugin:80 - create IPUIPlugin
2025-08-18 10:17:14,026 [INFO] PluginManager:220 - loadIPPluginJar : add sai
2025-08-18 10:17:14,030 [INFO] IPUIPlugin:80 - create IPUIPlugin
2025-08-18 10:17:14,031 [INFO] PluginManager:220 - loadIPPluginJar : add quadspi
2025-08-18 10:17:14,049 [INFO] IPUIPlugin:80 - create IPUIPlugin
2025-08-18 10:17:14,054 [INFO] PluginManager:220 - loadIPPluginJar : add plateformsettings
2025-08-18 10:17:14,064 [INFO] IPUIPlugin:80 - create IPUIPlugin
2025-08-18 10:17:14,064 [INFO] PluginManager:220 - loadIPPluginJar : add gtzc
2025-08-18 10:17:14,078 [INFO] IPUIPlugin:80 - create IPUIPlugin
2025-08-18 10:17:14,078 [INFO] PluginManager:220 - loadIPPluginJar : add nvic
2025-08-18 10:17:14,082 [INFO] IPUIPlugin:80 - create IPUIPlugin
2025-08-18 10:17:14,082 [INFO] PluginManager:220 - loadIPPluginJar : add ltdc
2025-08-18 10:17:14,085 [INFO] IPUIPlugin:80 - create IPUIPlugin
2025-08-18 10:17:14,085 [INFO] PluginManager:220 - loadIPPluginJar : add fatfs
2025-08-18 10:17:14,091 [INFO] IPUIPlugin:80 - create IPUIPlugin
2025-08-18 10:17:14,091 [INFO] PluginManager:220 - loadIPPluginJar : add spi
2025-08-18 10:17:14,100 [INFO] IPUIPlugin:80 - create IPUIPlugin
2025-08-18 10:17:14,100 [INFO] PluginManager:220 - loadIPPluginJar : add fmc
2025-08-18 10:17:14,108 [INFO] IPUIPlugin:80 - create IPUIPlugin
2025-08-18 10:17:14,108 [INFO] PluginManager:220 - loadIPPluginJar : add can
2025-08-18 10:17:14,112 [INFO] IPUIPlugin:80 - create IPUIPlugin
2025-08-18 10:17:14,112 [INFO] PluginManager:220 - loadIPPluginJar : add tim
2025-08-18 10:17:14,126 [INFO] IPUIPlugin:80 - create IPUIPlugin
2025-08-18 10:17:14,126 [INFO] PluginManager:220 - loadIPPluginJar : add linkedlist
2025-08-18 10:17:14,133 [INFO] IPUIPlugin:80 - create IPUIPlugin
2025-08-18 10:17:14,133 [INFO] PluginManager:220 - loadIPPluginJar : add dma3
2025-08-18 10:17:14,137 [INFO] IPUIPlugin:80 - create IPUIPlugin
2025-08-18 10:17:14,137 [INFO] PluginManager:220 - loadIPPluginJar : add lorawan
2025-08-18 10:17:14,151 [INFO] IPUIPlugin:80 - create IPUIPlugin
2025-08-18 10:17:14,151 [INFO] PluginManager:220 - loadIPPluginJar : add gpio
2025-08-18 10:17:14,156 [INFO] IPUIPlugin:80 - create IPUIPlugin
2025-08-18 10:17:14,156 [INFO] PluginManager:220 - loadIPPluginJar : add hash
2025-08-18 10:17:14,160 [INFO] IPUIPlugin:80 - create IPUIPlugin
2025-08-18 10:17:14,160 [INFO] PluginManager:220 - loadIPPluginJar : add aes
2025-08-18 10:17:14,168 [INFO] IPUIPlugin:80 - create IPUIPlugin
2025-08-18 10:17:14,168 [INFO] PluginManager:220 - loadIPPluginJar : add ipddr
2025-08-18 10:17:14,172 [INFO] IPUIPlugin:80 - create IPUIPlugin
2025-08-18 10:17:14,172 [INFO] PluginManager:220 - loadIPPluginJar : add tsc
2025-08-18 10:17:14,174 [INFO] IPUIPlugin:80 - create IPUIPlugin
2025-08-18 10:17:14,175 [INFO] PluginManager:220 - loadIPPluginJar : add genericplugin
2025-08-18 10:17:14,178 [INFO] IPUIPlugin:80 - create IPUIPlugin
2025-08-18 10:17:14,179 [INFO] PluginManager:220 - loadIPPluginJar : add comp
2025-08-18 10:17:14,182 [INFO] IPUIPlugin:80 - create IPUIPlugin
2025-08-18 10:17:14,183 [INFO] PluginManager:220 - loadIPPluginJar : add ucpd
2025-08-18 10:17:14,187 [INFO] IPUIPlugin:80 - create IPUIPlugin
2025-08-18 10:17:14,188 [INFO] PluginManager:220 - loadIPPluginJar : add dfsdm
2025-08-18 10:17:14,200 [INFO] IPUIPlugin:80 - create IPUIPlugin
2025-08-18 10:17:14,200 [INFO] PluginManager:220 - loadIPPluginJar : add adc
2025-08-18 10:17:14,208 [INFO] IPUIPlugin:80 - create IPUIPlugin
2025-08-18 10:17:14,208 [INFO] PluginManager:220 - loadIPPluginJar : add touchsensing
2025-08-18 10:17:14,218 [INFO] IPUIPlugin:80 - create IPUIPlugin
2025-08-18 10:17:14,218 [INFO] PluginManager:220 - loadIPPluginJar : add ddr_ctrl_phy
2025-08-18 10:17:14,336 [FATAL] Updater:351 - Updater called before beeing initialized
2025-08-18 10:17:14,390 [INFO] RulesReader:64 - Compatibility file has been processed (301 Rules)
2025-08-18 10:17:14,414 [INFO] RulesReader:64 - Compatibility file has been processed (301 Rules)
2025-08-18 10:17:14,425 [INFO] CADModel:165 - CPN selected for project level
2025-08-18 10:17:14,425 [INFO] CADModel:114 - Register for checkConnection events
2025-08-18 10:17:14,425 [FATAL] Updater:351 - Updater called before beeing initialized
2025-08-18 10:17:14,426 [ERROR] CADModel:125 - Updater not yet initialized, retry later 
2025-08-18 10:17:14,703 [FATAL] Updater:351 - Updater called before beeing initialized
2025-08-18 10:17:14,709 [INFO] CADModel:165 - CPN selected for project level
2025-08-18 10:17:14,709 [INFO] CADModel:114 - Register for checkConnection events
2025-08-18 10:17:14,710 [FATAL] Updater:351 - Updater called before beeing initialized
2025-08-18 10:17:14,710 [ERROR] CADModel:125 - Updater not yet initialized, retry later 
2025-08-18 10:17:14,714 [FATAL] Updater:351 - Updater called before beeing initialized
2025-08-18 10:17:14,834 [FATAL] Updater:351 - Updater called before beeing initialized
2025-08-18 10:17:14,840 [INFO] DbMcusAds:53 - JSON generation date=Tue Jul 08 13:44:23 IST 2025 (1751962463582)
2025-08-18 10:17:14,840 [FATAL] Updater:351 - Updater called before beeing initialized
2025-08-18 10:17:14,951 [WARN] DetailPanel:346 - Failed to get advertising image, set to default
2025-08-18 10:17:15,400 [FATAL] Updater:351 - Updater called before beeing initialized
2025-08-18 10:17:15,403 [FATAL] Updater:351 - Updater called before beeing initialized
2025-08-18 10:17:15,403 [FATAL] Updater:351 - Updater called before beeing initialized
2025-08-18 10:17:15,403 [WARN] DetailPanel:346 - Failed to get advertising image, set to default
2025-08-18 10:17:15,404 [FATAL] Updater:351 - Updater called before beeing initialized
2025-08-18 10:17:15,475 [ERROR] Updater:1198 - MainUpdater not yet initialized. External WinMGr cannot be set.
2025-08-18 10:17:15,478 [INFO] Updater:1134 - Updater Version found : 6.14.0
2025-08-18 10:17:15,521 [INFO] ApplicationProperties:184 - Using Application install path: /opt/st/stm32cubeide_1.18.0/plugins/com.st.stm32cube.common.mx_6.14.0.202502271554
2025-08-18 10:17:15,793 [INFO] ThirdPartyUpdaterWithRetryManager:70 - Updater plugin not ready yet. [2/15]
2025-08-18 10:17:15,908 [INFO] MainUpdater:2872 - connection check result : 22
2025-08-18 10:17:15,909 [INFO] MainUpdater:289 - Updater Check For Update Now.
2025-08-18 10:17:15,910 [INFO] MicroXplorer:498 - Change Database Version : DB.6.0.140
2025-08-18 10:17:15,921 [INFO] McuFinderGlobals:63 - Set McuFinder mode to 2 (CubeIDE integrated)
2025-08-18 10:17:15,931 [INFO] UserAuth:486 - Internet connection configuration mode: 2
2025-08-18 10:17:15,939 [INFO] UserAuth:486 - Internet connection configuration mode: 2
2025-08-18 10:17:16,180 [INFO] CheckServerUpdateThread:120 - End of CheckServer Thread
2025-08-18 10:17:19,137 [WARN] PackLoader:240 - Cannot read IP mode file for STMicroelectronics.FP-SNS-MOTENVWB1.1.4.0
2025-08-18 10:17:19,153 [WARN] PackLoader:240 - Cannot read IP mode file for STMicroelectronics.FP-ATR-ASTRA1.2.0.2
2025-08-18 10:17:19,177 [WARN] PackLoader:240 - Cannot read IP mode file for STMicroelectronics.X-CUBE-SMBUS.2.1.0
2025-08-18 10:17:19,198 [WARN] PackLoader:240 - Cannot read IP mode file for STMicroelectronics.X-CUBE-ST60.1.0.0
2025-08-18 10:17:19,280 [WARN] PackLoader:240 - Cannot read IP mode file for STMicroelectronics.X-CUBE-AZRTOS-F7.1.1.0
2025-08-18 10:17:19,367 [WARN] PackLoader:240 - Cannot read IP mode file for Infineon.AIROC-Wi-Fi-Bluetooth-STM32.1.7.1
2025-08-18 10:17:19,458 [WARN] PackLoader:240 - Cannot read IP mode file for STMicroelectronics.X-CUBE-AZRTOS-H7.3.4.0
2025-08-18 10:17:19,488 [WARN] PackLoader:240 - Cannot read IP mode file for STMicroelectronics.X-CUBE-DISPLAY.3.0.0
2025-08-18 10:17:19,513 [WARN] PackLoader:240 - Cannot read IP mode file for STMicroelectronics.X-CUBE-NFC10.1.0.0
2025-08-18 10:17:19,529 [WARN] PackLoader:240 - Cannot read IP mode file for emotas.I-CUBE-CANOPEN.1.3.0
2025-08-18 10:17:19,541 [WARN] ConditionMgr:438 - getConditionDescription Invalid condition id : Cortex-A Device cause : null
2025-08-18 10:17:19,586 [WARN] ConditionMgr:1044 - genDependencies : Invalid condition id : Cortex-A Device cause : null
2025-08-18 10:17:19,587 [WARN] ConditionMgr:1044 - genDependencies : Invalid condition id : Cortex-A Device cause : null
2025-08-18 10:17:19,587 [WARN] ConditionMgr:1044 - genDependencies : Invalid condition id : Cortex-A Device cause : null
2025-08-18 10:17:19,594 [ERROR] Engine:466 - /home/xubuntu/.stm32cubemx/thirdparties/pdsc/STMicroelectronics.FP-SNS-STBOX1.2.1.0.pdsc: PDSC version is not supported
2025-08-18 10:17:19,601 [WARN] PackLoader:240 - Cannot read IP mode file for STMicroelectronics.FP-SNS-SMARTAG2.1.2.0
2025-08-18 10:17:19,609 [WARN] PackLoader:240 - Cannot read IP mode file for STMicroelectronics.FP-SNS-FLIGHT1.5.1.0
2025-08-18 10:17:19,629 [INFO] LogOutputStream:77 - [STDOUT_REDIRECT] 1 : Invalid condition id : UX_CORESTACK_Condition cause : null
2025-08-18 10:17:19,630 [INFO] LogOutputStream:77 - [STDOUT_REDIRECT] 1 : Invalid condition id : UX_CORESTACK_Condition cause : null
2025-08-18 10:17:19,630 [INFO] LogOutputStream:77 - [STDOUT_REDIRECT] 1 : Invalid condition id : UX_CORESTACK_Condition cause : null
2025-08-18 10:17:19,631 [INFO] LogOutputStream:77 - [STDOUT_REDIRECT] 1 : Invalid condition id : UX_CORESTACK_Condition cause : null
2025-08-18 10:17:19,631 [INFO] LogOutputStream:77 - [STDOUT_REDIRECT] 1 : Invalid condition id : UX_CORESTACK_Condition cause : null
2025-08-18 10:17:19,637 [WARN] PackLoader:240 - Cannot read IP mode file for STMicroelectronics.X-CUBE-AZRTOS-WL.2.0.0
2025-08-18 10:17:19,648 [WARN] PackLoader:240 - Cannot read IP mode file for STMicroelectronics.FP-SNS-MOTENV1.5.0.0
2025-08-18 10:17:19,669 [WARN] PackLoader:240 - Cannot read IP mode file for WES.I-CUBE-Cesium.1.3.0
2025-08-18 10:17:19,675 [WARN] PackLoader:240 - Cannot read IP mode file for STMicroelectronics.X-CUBE-BLE2.3.3.0
2025-08-18 10:17:19,684 [WARN] PackLoader:240 - Cannot read IP mode file for STMicroelectronics.X-CUBE-NFC9.1.0.0
2025-08-18 10:17:19,699 [WARN] PackLoader:240 - Cannot read IP mode file for wolfSSL.I-CUBE-wolfSSL.5.8.0
2025-08-18 10:17:19,705 [WARN] PackLoader:240 - Cannot read IP mode file for STMicroelectronics.X-CUBE-BLE1.7.1.0
2025-08-18 10:17:19,716 [WARN] PackLoader:240 - Cannot read IP mode file for wolfSSL.I-CUBE-wolfMQTT.1.19.2
2025-08-18 10:17:19,730 [WARN] PackLoader:240 - Cannot read IP mode file for STMicroelectronics.X-CUBE-EEPRMA1.5.2.0
2025-08-18 10:17:19,742 [WARN] PackLoader:240 - Cannot read IP mode file for STMicroelectronics.X-CUBE-AI.10.1.0
2025-08-18 10:17:19,802 [WARN] PackLoader:240 - Cannot read IP mode file for STMicroelectronics.X-CUBE-AZRTOS-G0.1.1.0
2025-08-18 10:17:19,816 [WARN] PackLoader:240 - Cannot read IP mode file for STMicroelectronics.X-CUBE-SAFEA1.1.2.2
2025-08-18 10:17:19,830 [WARN] PackLoader:240 - Cannot read IP mode file for STMicroelectronics.X-CUBE-NFC4.3.0.0
2025-08-18 10:17:19,842 [WARN] PackLoader:240 - Cannot read IP mode file for EmbeddedOffice.I-CUBE-FS-RTOS.1.0.1
2025-08-18 10:17:19,862 [WARN] PackLoader:240 - Cannot read IP mode file for STMicroelectronics.X-CUBE-WB05N.2.0.0
2025-08-18 10:17:19,872 [WARN] PackLoader:240 - Cannot read IP mode file for wolfSSL.I-CUBE-wolfTPM.3.8.0
2025-08-18 10:17:19,882 [WARN] PackLoader:240 - Cannot read IP mode file for STMicroelectronics.X-CUBE-TCPP.4.2.0
2025-08-18 10:17:19,895 [WARN] PackLoader:240 - Cannot read IP mode file for RealThread.X-CUBE-RT-Thread_Nano.4.1.1
2025-08-18 10:17:19,900 [WARN] PackLoader:240 - Cannot read IP mode file for STMicroelectronics.FP-ATR-SIGFOX1.3.2.0
2025-08-18 10:17:19,917 [WARN] PackLoader:240 - Cannot read IP mode file for ITTIA_DB.I-CUBE-ITTIADB.8.9.0
2025-08-18 10:17:19,926 [WARN] PackLoader:240 - Cannot read IP mode file for STMicroelectronics.X-CUBE-ST67W61.1.0.0
2025-08-18 10:17:19,935 [WARN] PackLoader:240 - Cannot read IP mode file for STMicroelectronics.X-CUBE-AI.10.2.0
2025-08-18 10:17:19,999 [WARN] PackLoader:240 - Cannot read IP mode file for SEGGER.I-CUBE-embOS.1.3.1
2025-08-18 10:17:20,092 [WARN] PackLoader:240 - Cannot read IP mode file for STMicroelectronics.X-CUBE-ALGOBUILD.1.4.0
2025-08-18 10:17:20,220 [WARN] PackLoader:240 - Cannot read IP mode file for STMicroelectronics.X-CUBE-MEMS1.11.3.0
2025-08-18 10:17:20,606 [WARN] PackLoader:240 - Cannot read IP mode file for STMicroelectronics.X-CUBE-PM33A1.1.0.0
2025-08-18 10:17:20,647 [WARN] PackLoader:240 - Cannot read IP mode file for STMicroelectronics.X-CUBE-AZRTOS-F4.1.1.0
2025-08-18 10:17:20,658 [WARN] PackLoader:240 - Cannot read IP mode file for Avnet-IotConnect.X-CUBE-IoTC-DA16k-PMOD.1.0.0
2025-08-18 10:17:20,663 [WARN] PackLoader:240 - Cannot read IP mode file for STMicroelectronics.X-CUBE-ISPU.2.1.0
2025-08-18 10:17:20,674 [WARN] PackLoader:240 - Cannot read IP mode file for STMicroelectronics.X-CUBE-NFC12.1.0.0
2025-08-18 10:17:20,724 [WARN] PackLoader:240 - Cannot read IP mode file for STMicroelectronics.X-CUBE-AZRTOS-L5.2.0.0
2025-08-18 10:17:20,740 [WARN] PackLoader:240 - Cannot read IP mode file for STMicroelectronics.X-CUBE-NFC6.3.1.0
2025-08-18 10:17:20,759 [WARN] PackLoader:240 - Cannot read IP mode file for STMicroelectronics.X-CUBE-FREERTOS.1.3.1
2025-08-18 10:17:20,766 [WARN] PackLoader:240 - Cannot read IP mode file for STMicroelectronics.FP-SNS-STAIOTCFT.1.0.0
2025-08-18 10:17:20,785 [WARN] PackLoader:240 - Cannot read IP mode file for STMicroelectronics.X-CUBE-DPower.1.3.0
2025-08-18 10:17:20,851 [WARN] ConditionMgr:438 - getConditionDescription Invalid condition id : LAN8742 Phy interface Condition cause : null
2025-08-18 10:17:20,852 [WARN] PackLoader:240 - Cannot read IP mode file for STMicroelectronics.X-CUBE-AZRTOS-L4.2.0.0
2025-08-18 10:17:20,854 [WARN] ConditionMgr:1044 - genDependencies : Invalid condition id : LAN8742 Phy interface Condition cause : null
2025-08-18 10:17:20,854 [WARN] ConditionMgr:1044 - genDependencies : Invalid condition id : LAN8742 Phy interface Condition cause : null
2025-08-18 10:17:20,855 [WARN] ConditionMgr:1044 - genDependencies : Invalid condition id : LAN8742 Phy interface Condition cause : null
2025-08-18 10:17:20,869 [WARN] PackLoader:240 - Cannot read IP mode file for STMicroelectronics.X-CUBE-SFXS2LP1.4.0.0
2025-08-18 10:17:20,895 [WARN] PackLoader:240 - Cannot read IP mode file for STMicroelectronics.X-CUBE-BLEMGR.4.1.0
2025-08-18 10:17:20,934 [WARN] ConditionMgr:438 - getConditionDescription Invalid condition id : UX DEVICE CLASS RTOS Condition cause : null
2025-08-18 10:17:20,934 [WARN] ConditionMgr:438 - getConditionDescription Invalid condition id : UX DEVICE CLASS RTOS Condition cause : null
2025-08-18 10:17:20,937 [WARN] PackLoader:240 - Cannot read IP mode file for STMicroelectronics.X-CUBE-AZRTOS-WB.2.0.0
2025-08-18 10:17:20,938 [WARN] ConditionMgr:1044 - genDependencies : Invalid condition id : UX DEVICE CLASS RTOS Condition cause : null
2025-08-18 10:17:20,939 [WARN] ConditionMgr:1044 - genDependencies : Invalid condition id : UX DEVICE CLASS RTOS Condition cause : null
2025-08-18 10:17:20,939 [WARN] ConditionMgr:1044 - genDependencies : Invalid condition id : UX DEVICE CLASS RTOS Condition cause : null
2025-08-18 10:17:20,940 [WARN] ConditionMgr:1044 - genDependencies : Invalid condition id : UX DEVICE CLASS RTOS Condition cause : null
2025-08-18 10:17:20,940 [WARN] ConditionMgr:1044 - genDependencies : Invalid condition id : UX DEVICE CLASS RTOS Condition cause : null
2025-08-18 10:17:20,949 [WARN] PackLoader:240 - Cannot read IP mode file for STMicroelectronics.X-CUBE-GNSS1.7.0.1
2025-08-18 10:17:20,955 [WARN] PackLoader:240 - Cannot read IP mode file for STMicroelectronics.X-CUBE-TOUCHGFX.4.25.0
2025-08-18 10:17:20,965 [WARN] PackLoader:240 - Cannot read IP mode file for STMicroelectronics.FP-SNS-STBOX1.2.0.0
2025-08-18 10:17:20,989 [WARN] PackLoader:240 - Cannot read IP mode file for STMicroelectronics.X-CUBE-SUBG2.5.0.0
2025-08-18 10:17:21,035 [WARN] PackLoader:240 - Cannot read IP mode file for STMicroelectronics.X-CUBE-AZRTOS-H7RS.1.1.0
2025-08-18 10:17:21,051 [WARN] PackLoader:240 - Cannot read IP mode file for Cesanta.I-CUBE-Mongoose.7.13.0
2025-08-18 10:17:21,084 [WARN] PackLoader:240 - Cannot read IP mode file for STMicroelectronics.X-CUBE-AZRTOS-G4.2.0.0
2025-08-18 10:17:21,093 [WARN] PackLoader:240 - Cannot read IP mode file for wolfSSL.I-CUBE-wolfSSH.1.4.20
2025-08-18 10:17:21,099 [WARN] PackLoader:240 - Cannot read IP mode file for STMicroelectronics.X-CUBE-NFC7.2.0.0
2025-08-18 10:17:21,125 [WARN] PackLoader:240 - Cannot read IP mode file for STMicroelectronics.X-CUBE-IPS.3.1.0
2025-08-18 10:17:21,145 [WARN] PackLoader:240 - Cannot read IP mode file for STMicroelectronics.X-CUBE-ALS.1.0.2
2025-08-18 10:17:21,156 [WARN] PackLoader:240 - Cannot read IP mode file for portGmbH.I-Cube-SoM-uGOAL.1.1.0
2025-08-18 10:17:21,188 [WARN] PackLoader:240 - Cannot read IP mode file for STMicroelectronics.X-CUBE-TOF1.3.4.3
2025-08-18 10:17:21,212 [INFO] ThirdParty:978 - Integrity check success = true
2025-08-18 10:17:21,212 [INFO] IntegrityCheckThread:100 - exiting critical section [integrity check]
2025-08-18 10:17:21,212 [INFO] IntegrityCheckThread:103 - End integrity checks thread
2025-08-18 16:07:49,618 [INFO] Activator:176 - 


2025-08-18 16:07:49,621 [INFO] Activator:177 - !SESSION log4j initialized
2025-08-18 16:07:57,461 [INFO] LogOutputStream:77 - [STDOUT_REDIRECT] 
2025-08-18 16:07:58,894 [INFO] ApplicationProperties:184 - Using Application install path: /opt/st/stm32cubeide_1.18.0/plugins/com.st.stm32cube.common.mx_6.14.0.202502271554
2025-08-18 16:07:58,941 [INFO] DbMcusXml:78 - Set database path to: /opt/st/stm32cubeide_1.18.0/plugins/com.st.stm32cube.common.mx_6.14.0.202502271554//db//mcu/
2025-08-18 16:07:58,941 [INFO] ApiDb:274 - Set plugin database path to: /opt/st/stm32cubeide_1.18.0/plugins/com.st.stm32cube.common.mx_6.14.0.202502271554//db//plugins/boardmanager/
2025-08-18 16:07:58,942 [WARN] ApiDb:259 - Overriding images path with different value:  => /opt/st/stm32cubeide_1.18.0/plugins/com.st.stm32cube.common.mx_6.14.0.202502271554//db//plugins/mcufinder/images/
2025-08-18 16:07:58,982 [INFO] ApiDb:250 - Set database path to: /home/xubuntu/.stmcufinder/plugins/mcufinder//mcu/
2025-08-18 16:07:58,984 [INFO] DbMcusAds:125 - Set database path to: /home/xubuntu/.stmcufinder/plugins/mcufinder//mcu/
2025-08-18 16:07:58,993 [INFO] CrossReferenceDbSqlite:203 - Set database path to: /home/xubuntu/.stmcufinder/plugins/mcufinder//mcu/cs/
2025-08-18 16:07:59,227 [INFO] RulesReader:64 - Compatibility file has been processed (301 Rules)
2025-08-18 16:07:59,357 [INFO] DbMcusXml:78 - Set database path to: /opt/st/stm32cubeide_1.18.0/plugins/com.st.stm32cube.common.mx_6.14.0.202502271554//db//mcu/
2025-08-18 16:07:59,357 [INFO] ApiDb:274 - Set plugin database path to: /opt/st/stm32cubeide_1.18.0/plugins/com.st.stm32cube.common.mx_6.14.0.202502271554//db//plugins/boardmanager/
2025-08-18 16:07:59,357 [INFO] ApiDb:261 - Set plugin images path to: /opt/st/stm32cubeide_1.18.0/plugins/com.st.stm32cube.common.mx_6.14.0.202502271554//db//plugins/mcufinder/images/
2025-08-18 16:07:59,357 [WARN] DbFile:41 - Overriding database path with different value: /home/xubuntu/.stmcufinder/plugins/mcufinder/ => /home/xubuntu/.stmcufinder/plugins/mcufinder
2025-08-18 16:07:59,358 [INFO] ApiDb:250 - Set database path to: /home/xubuntu/.stmcufinder/plugins/mcufinder//mcu/
2025-08-18 16:07:59,358 [WARN] DbFile:41 - Overriding database path with different value: /home/xubuntu/.stmcufinder/plugins/mcufinder/ => /home/xubuntu/.stmcufinder/plugins/mcufinder
2025-08-18 16:07:59,358 [INFO] DbMcusAds:125 - Set database path to: /home/xubuntu/.stmcufinder/plugins/mcufinder//mcu/
2025-08-18 16:07:59,358 [WARN] DbFile:41 - Overriding database path with different value: /home/xubuntu/.stmcufinder/plugins/mcufinder/ => /home/xubuntu/.stmcufinder/plugins/mcufinder
2025-08-18 16:07:59,358 [WARN] DbFile:41 - Overriding database path with different value: /home/xubuntu/.stmcufinder/plugins/mcufinder/ => /home/xubuntu/.stmcufinder/plugins/mcufinder
2025-08-18 16:07:59,359 [INFO] CrossReferenceDbSqlite:203 - Set database path to: /home/xubuntu/.stmcufinder/plugins/mcufinder//mcu/cs/
2025-08-18 16:07:59,534 [INFO] MainPanel:272 - HeapMemory: 268435456
2025-08-18 16:07:59,875 [INFO] DbMcusXml:78 - Set database path to: /opt/st/stm32cubeide_1.18.0/plugins/com.st.stm32cube.common.mx_6.14.0.202502271554//db//mcu/
2025-08-18 16:07:59,875 [INFO] ApiDb:274 - Set plugin database path to: /opt/st/stm32cubeide_1.18.0/plugins/com.st.stm32cube.common.mx_6.14.0.202502271554//db//plugins/boardmanager/
2025-08-18 16:07:59,875 [INFO] ApiDb:261 - Set plugin images path to: /opt/st/stm32cubeide_1.18.0/plugins/com.st.stm32cube.common.mx_6.14.0.202502271554//db//plugins/mcufinder/images/
2025-08-18 16:07:59,875 [WARN] DbFile:41 - Overriding database path with different value: /home/xubuntu/.stmcufinder/plugins/mcufinder/ => /home/xubuntu/.stmcufinder/plugins/mcufinder
2025-08-18 16:07:59,875 [INFO] ApiDb:250 - Set database path to: /home/xubuntu/.stmcufinder/plugins/mcufinder//mcu/
2025-08-18 16:07:59,876 [WARN] DbFile:41 - Overriding database path with different value: /home/xubuntu/.stmcufinder/plugins/mcufinder/ => /home/xubuntu/.stmcufinder/plugins/mcufinder
2025-08-18 16:07:59,876 [INFO] DbMcusAds:125 - Set database path to: /home/xubuntu/.stmcufinder/plugins/mcufinder//mcu/
2025-08-18 16:07:59,876 [WARN] DbFile:41 - Overriding database path with different value: /home/xubuntu/.stmcufinder/plugins/mcufinder/ => /home/xubuntu/.stmcufinder/plugins/mcufinder
2025-08-18 16:07:59,876 [WARN] DbFile:41 - Overriding database path with different value: /home/xubuntu/.stmcufinder/plugins/mcufinder/ => /home/xubuntu/.stmcufinder/plugins/mcufinder
2025-08-18 16:07:59,876 [INFO] CrossReferenceDbSqlite:203 - Set database path to: /home/xubuntu/.stmcufinder/plugins/mcufinder//mcu/cs/
2025-08-18 16:07:59,902 [INFO] ApplicationProperties:184 - Using Application install path: /opt/st/stm32cubeide_1.18.0/plugins/com.st.stm32cube.common.mx_6.14.0.202502271554
2025-08-18 16:07:59,904 [INFO] PluginManage:196 - Search for loadable plugins [exclusion list=, ]
2025-08-18 16:07:59,909 [INFO] PluginManage:310 - Check plugin analytics
2025-08-18 16:08:00,207 [INFO] AnalyticsPlugin:253 - Accepted Software Licenses: 
2025-08-18 16:08:00,207 [INFO] AnalyticsPlugin:255 - Accepted CMSIS Pack Licenses: 
2025-08-18 16:08:00,207 [INFO] AnalyticsPlugin:257 - Accepted Firmware Licenses: 
2025-08-18 16:08:00,211 [INFO] PluginManage:359 - Loaded plugin analytics (category:tool,tabindex:-1)
2025-08-18 16:08:00,212 [INFO] PluginManage:310 - Check plugin cadmodel
2025-08-18 16:08:00,232 [INFO] CADModel:105 - Init CAD model plugin
2025-08-18 16:08:00,232 [INFO] PluginManage:359 - Loaded plugin cadmodel (category:power,tabindex:5)
2025-08-18 16:08:00,233 [INFO] PluginManage:310 - Check plugin clock
2025-08-18 16:08:00,257 [INFO] PluginManage:359 - Loaded plugin clock (category:base,tabindex:2)
2025-08-18 16:08:00,257 [INFO] PluginManage:310 - Check plugin ddr
2025-08-18 16:08:00,263 [INFO] PluginManage:359 - Loaded plugin ddr (category:tool,tabindex:6)
2025-08-18 16:08:00,264 [INFO] PluginManage:310 - Check plugin filemanager
2025-08-18 16:08:00,510 [INFO] PluginManage:359 - Loaded plugin filemanager (category:base,tabindex:10)
2025-08-18 16:08:00,511 [INFO] PluginManage:310 - Check plugin ipmanager
2025-08-18 16:08:00,519 [INFO] PluginManage:359 - Loaded plugin ipmanager (category:base,tabindex:5)
2025-08-18 16:08:00,520 [INFO] PluginManage:310 - Check plugin lpbam
2025-08-18 16:08:00,548 [INFO] PluginManage:359 - Loaded plugin lpbam (category:base,tabindex:0)
2025-08-18 16:08:00,548 [INFO] PluginManage:310 - Check plugin memorymap
2025-08-18 16:08:00,570 [INFO] PluginManage:359 - Loaded plugin memorymap (category:base,tabindex:4)
2025-08-18 16:08:00,570 [INFO] PluginManage:310 - Check plugin pinoutandconfiguration
2025-08-18 16:08:00,593 [INFO] PluginManage:359 - Loaded plugin pinoutandconfiguration (category:base,tabindex:1)
2025-08-18 16:08:00,593 [INFO] PluginManage:310 - Check plugin pinoutconfig
2025-08-18 16:08:00,756 [WARN] SupportedApi:132 - Cannot load RTOS API schema: s4s-elt-must-match.1: The content of 'definitions' must match (annotation?, (simpleType | complexType)?, (unique | key | keyref)*)). A problem was found starting at: attribute.
2025-08-18 16:08:00,991 [INFO] PluginManage:359 - Loaded plugin pinoutconfig (category:base,tabindex:0)
2025-08-18 16:08:00,991 [INFO] PluginManage:310 - Check plugin power
2025-08-18 16:08:01,018 [INFO] PluginManage:359 - Loaded plugin power (category:power,tabindex:4)
2025-08-18 16:08:01,019 [INFO] PluginManage:310 - Check plugin projectmanager
2025-08-18 16:08:01,042 [INFO] PluginManage:359 - Loaded plugin projectmanager (category:projectmanager,tabindex:4)
2025-08-18 16:08:01,042 [INFO] PluginManage:310 - Check plugin rif
2025-08-18 16:08:01,062 [INFO] PluginManage:359 - Loaded plugin rif (category:base,tabindex:3)
2025-08-18 16:08:01,062 [INFO] PluginManage:310 - Check plugin thirdparty
2025-08-18 16:08:01,299 [INFO] PluginManage:359 - Loaded plugin thirdparty (category:base,tabindex:-1)
2025-08-18 16:08:01,298 [WARN] IntegrityCheckThread:84 - waiting for thirdparty lock release [integrity check]
2025-08-18 16:08:01,299 [INFO] IntegrityCheckThread:86 - entering critical section [integrity check]
2025-08-18 16:08:01,299 [INFO] PluginManage:310 - Check plugin tools
2025-08-18 16:08:01,300 [INFO] ThirdPartyUpdaterWithRetryManager:70 - Updater plugin not ready yet. [1/15]
2025-08-18 16:08:01,304 [INFO] PluginManage:359 - Loaded plugin tools (category:base,tabindex:7)
2025-08-18 16:08:01,304 [INFO] PluginManage:310 - Check plugin tutovideos
2025-08-18 16:08:01,622 [INFO] PluginManage:359 - Loaded plugin tutovideos (category:base,tabindex:-1)
2025-08-18 16:08:01,622 [INFO] PluginManage:310 - Check plugin updater
2025-08-18 16:08:01,662 [INFO] PluginManage:359 - Loaded plugin updater (category:base,tabindex:12)
2025-08-18 16:08:01,663 [INFO] PluginManage:310 - Check plugin userauth
2025-08-18 16:08:01,671 [INFO] UserAuth:118 - Init User Auth plugin
2025-08-18 16:08:01,672 [INFO] PluginManage:359 - Loaded plugin userauth (category:base,tabindex:14)
2025-08-18 16:08:01,672 [INFO] PluginManage:283 - PluginManage : Loaded plugins [18]
2025-08-18 16:08:02,103 [INFO] PinOutPanel:1589 - setPackage(No Configuration,No Configuration)
2025-08-18 16:08:02,268 [INFO] CADModel:165 - CPN selected for project level
2025-08-18 16:08:02,268 [INFO] CADModel:114 - Register for checkConnection events
2025-08-18 16:08:02,300 [INFO] IPUIPlugin:80 - create IPUIPlugin
2025-08-18 16:08:02,301 [INFO] PluginManager:220 - loadIPPluginJar : add opamp
2025-08-18 16:08:02,304 [INFO] IPUIPlugin:80 - create IPUIPlugin
2025-08-18 16:08:02,305 [INFO] PluginManager:220 - loadIPPluginJar : add radio
2025-08-18 16:08:02,310 [INFO] IPUIPlugin:80 - create IPUIPlugin
2025-08-18 16:08:02,310 [INFO] PluginManager:220 - loadIPPluginJar : add usbx
2025-08-18 16:08:02,320 [INFO] IPUIPlugin:80 - create IPUIPlugin
2025-08-18 16:08:02,320 [INFO] PluginManager:220 - loadIPPluginJar : add resmgrutility
2025-08-18 16:08:02,325 [INFO] IPUIPlugin:80 - create IPUIPlugin
2025-08-18 16:08:02,326 [INFO] PluginManager:220 - loadIPPluginJar : add gfxmmu
2025-08-18 16:08:02,337 [INFO] IPUIPlugin:80 - create IPUIPlugin
2025-08-18 16:08:02,338 [INFO] PluginManager:220 - loadIPPluginJar : add freertos
2025-08-18 16:08:02,342 [INFO] IPUIPlugin:80 - create IPUIPlugin
2025-08-18 16:08:02,342 [INFO] PluginManager:220 - loadIPPluginJar : add usart
2025-08-18 16:08:02,346 [INFO] IPUIPlugin:80 - create IPUIPlugin
2025-08-18 16:08:02,346 [INFO] PluginManager:220 - loadIPPluginJar : add ts
2025-08-18 16:08:02,356 [INFO] IPUIPlugin:80 - create IPUIPlugin
2025-08-18 16:08:02,356 [INFO] PluginManager:220 - loadIPPluginJar : add stm32_wpan
2025-08-18 16:08:02,361 [INFO] IPUIPlugin:80 - create IPUIPlugin
2025-08-18 16:08:02,361 [INFO] PluginManager:220 - loadIPPluginJar : add extmemmanager
2025-08-18 16:08:02,377 [INFO] IPUIPlugin:80 - create IPUIPlugin
2025-08-18 16:08:02,378 [INFO] PluginManager:220 - loadIPPluginJar : add mdma
2025-08-18 16:08:02,381 [INFO] IPUIPlugin:80 - create IPUIPlugin
2025-08-18 16:08:02,382 [INFO] PluginManager:220 - loadIPPluginJar : add tracer_emb
2025-08-18 16:08:02,386 [INFO] IPUIPlugin:80 - create IPUIPlugin
2025-08-18 16:08:02,386 [INFO] PluginManager:220 - loadIPPluginJar : add pdm2pcm
2025-08-18 16:08:02,390 [INFO] IPUIPlugin:80 - create IPUIPlugin
2025-08-18 16:08:02,390 [INFO] PluginManager:220 - loadIPPluginJar : add i2s
2025-08-18 16:08:02,395 [INFO] IPUIPlugin:80 - create IPUIPlugin
2025-08-18 16:08:02,395 [INFO] PluginManager:220 - loadIPPluginJar : add openamp
2025-08-18 16:08:02,399 [INFO] IPUIPlugin:80 - create IPUIPlugin
2025-08-18 16:08:02,400 [INFO] PluginManager:220 - loadIPPluginJar : add i2c
2025-08-18 16:08:02,409 [INFO] IPUIPlugin:80 - create IPUIPlugin
2025-08-18 16:08:02,409 [INFO] PluginManager:220 - loadIPPluginJar : add dma
2025-08-18 16:08:02,414 [INFO] IPUIPlugin:80 - create IPUIPlugin
2025-08-18 16:08:02,414 [INFO] PluginManager:220 - loadIPPluginJar : add cryp
2025-08-18 16:08:02,418 [INFO] IPUIPlugin:80 - create IPUIPlugin
2025-08-18 16:08:02,418 [INFO] PluginManager:220 - loadIPPluginJar : add i3c
2025-08-18 16:08:02,427 [INFO] IPUIPlugin:80 - create IPUIPlugin
2025-08-18 16:08:02,427 [INFO] PluginManager:220 - loadIPPluginJar : add gic
2025-08-18 16:08:02,433 [INFO] IPUIPlugin:80 - create IPUIPlugin
2025-08-18 16:08:02,433 [INFO] PluginManager:220 - loadIPPluginJar : add sai
2025-08-18 16:08:02,436 [INFO] IPUIPlugin:80 - create IPUIPlugin
2025-08-18 16:08:02,436 [INFO] PluginManager:220 - loadIPPluginJar : add quadspi
2025-08-18 16:08:02,451 [INFO] IPUIPlugin:80 - create IPUIPlugin
2025-08-18 16:08:02,455 [INFO] PluginManager:220 - loadIPPluginJar : add plateformsettings
2025-08-18 16:08:02,461 [INFO] IPUIPlugin:80 - create IPUIPlugin
2025-08-18 16:08:02,461 [INFO] PluginManager:220 - loadIPPluginJar : add gtzc
2025-08-18 16:08:02,473 [INFO] IPUIPlugin:80 - create IPUIPlugin
2025-08-18 16:08:02,474 [INFO] PluginManager:220 - loadIPPluginJar : add nvic
2025-08-18 16:08:02,477 [INFO] IPUIPlugin:80 - create IPUIPlugin
2025-08-18 16:08:02,477 [INFO] PluginManager:220 - loadIPPluginJar : add ltdc
2025-08-18 16:08:02,479 [INFO] IPUIPlugin:80 - create IPUIPlugin
2025-08-18 16:08:02,480 [INFO] PluginManager:220 - loadIPPluginJar : add fatfs
2025-08-18 16:08:02,483 [INFO] IPUIPlugin:80 - create IPUIPlugin
2025-08-18 16:08:02,483 [INFO] PluginManager:220 - loadIPPluginJar : add spi
2025-08-18 16:08:02,490 [INFO] IPUIPlugin:80 - create IPUIPlugin
2025-08-18 16:08:02,490 [INFO] PluginManager:220 - loadIPPluginJar : add fmc
2025-08-18 16:08:02,494 [INFO] IPUIPlugin:80 - create IPUIPlugin
2025-08-18 16:08:02,494 [INFO] PluginManager:220 - loadIPPluginJar : add can
2025-08-18 16:08:02,497 [INFO] IPUIPlugin:80 - create IPUIPlugin
2025-08-18 16:08:02,497 [INFO] PluginManager:220 - loadIPPluginJar : add tim
2025-08-18 16:08:02,509 [INFO] IPUIPlugin:80 - create IPUIPlugin
2025-08-18 16:08:02,510 [INFO] PluginManager:220 - loadIPPluginJar : add linkedlist
2025-08-18 16:08:02,518 [INFO] IPUIPlugin:80 - create IPUIPlugin
2025-08-18 16:08:02,518 [INFO] PluginManager:220 - loadIPPluginJar : add dma3
2025-08-18 16:08:02,522 [INFO] IPUIPlugin:80 - create IPUIPlugin
2025-08-18 16:08:02,522 [INFO] PluginManager:220 - loadIPPluginJar : add lorawan
2025-08-18 16:08:02,535 [INFO] IPUIPlugin:80 - create IPUIPlugin
2025-08-18 16:08:02,535 [INFO] PluginManager:220 - loadIPPluginJar : add gpio
2025-08-18 16:08:02,539 [INFO] IPUIPlugin:80 - create IPUIPlugin
2025-08-18 16:08:02,539 [INFO] PluginManager:220 - loadIPPluginJar : add hash
2025-08-18 16:08:02,543 [INFO] IPUIPlugin:80 - create IPUIPlugin
2025-08-18 16:08:02,543 [INFO] PluginManager:220 - loadIPPluginJar : add aes
2025-08-18 16:08:02,550 [INFO] IPUIPlugin:80 - create IPUIPlugin
2025-08-18 16:08:02,550 [INFO] PluginManager:220 - loadIPPluginJar : add ipddr
2025-08-18 16:08:02,554 [INFO] IPUIPlugin:80 - create IPUIPlugin
2025-08-18 16:08:02,554 [INFO] PluginManager:220 - loadIPPluginJar : add tsc
2025-08-18 16:08:02,556 [INFO] IPUIPlugin:80 - create IPUIPlugin
2025-08-18 16:08:02,556 [INFO] PluginManager:220 - loadIPPluginJar : add genericplugin
2025-08-18 16:08:02,559 [INFO] IPUIPlugin:80 - create IPUIPlugin
2025-08-18 16:08:02,559 [INFO] PluginManager:220 - loadIPPluginJar : add comp
2025-08-18 16:08:02,562 [INFO] IPUIPlugin:80 - create IPUIPlugin
2025-08-18 16:08:02,562 [INFO] PluginManager:220 - loadIPPluginJar : add ucpd
2025-08-18 16:08:02,566 [INFO] IPUIPlugin:80 - create IPUIPlugin
2025-08-18 16:08:02,566 [INFO] PluginManager:220 - loadIPPluginJar : add dfsdm
2025-08-18 16:08:02,578 [INFO] IPUIPlugin:80 - create IPUIPlugin
2025-08-18 16:08:02,578 [INFO] PluginManager:220 - loadIPPluginJar : add adc
2025-08-18 16:08:02,585 [INFO] IPUIPlugin:80 - create IPUIPlugin
2025-08-18 16:08:02,585 [INFO] PluginManager:220 - loadIPPluginJar : add touchsensing
2025-08-18 16:08:02,594 [INFO] IPUIPlugin:80 - create IPUIPlugin
2025-08-18 16:08:02,594 [INFO] PluginManager:220 - loadIPPluginJar : add ddr_ctrl_phy
2025-08-18 16:08:02,705 [FATAL] Updater:351 - Updater called before beeing initialized
2025-08-18 16:08:02,753 [INFO] RulesReader:64 - Compatibility file has been processed (301 Rules)
2025-08-18 16:08:02,769 [INFO] RulesReader:64 - Compatibility file has been processed (301 Rules)
2025-08-18 16:08:02,779 [INFO] CADModel:165 - CPN selected for project level
2025-08-18 16:08:02,779 [INFO] CADModel:114 - Register for checkConnection events
2025-08-18 16:08:02,779 [FATAL] Updater:351 - Updater called before beeing initialized
2025-08-18 16:08:02,779 [ERROR] CADModel:125 - Updater not yet initialized, retry later 
2025-08-18 16:08:03,013 [FATAL] Updater:351 - Updater called before beeing initialized
2025-08-18 16:08:03,016 [INFO] CADModel:165 - CPN selected for project level
2025-08-18 16:08:03,016 [INFO] CADModel:114 - Register for checkConnection events
2025-08-18 16:08:03,016 [FATAL] Updater:351 - Updater called before beeing initialized
2025-08-18 16:08:03,016 [ERROR] CADModel:125 - Updater not yet initialized, retry later 
2025-08-18 16:08:03,020 [FATAL] Updater:351 - Updater called before beeing initialized
2025-08-18 16:08:03,157 [FATAL] Updater:351 - Updater called before beeing initialized
2025-08-18 16:08:03,163 [INFO] DbMcusAds:53 - JSON generation date=Tue Jul 08 13:44:23 IST 2025 (1751962463582)
2025-08-18 16:08:03,163 [FATAL] Updater:351 - Updater called before beeing initialized
2025-08-18 16:08:03,255 [WARN] DetailPanel:346 - Failed to get advertising image, set to default
2025-08-18 16:08:03,635 [FATAL] Updater:351 - Updater called before beeing initialized
2025-08-18 16:08:03,637 [FATAL] Updater:351 - Updater called before beeing initialized
2025-08-18 16:08:03,637 [FATAL] Updater:351 - Updater called before beeing initialized
2025-08-18 16:08:03,637 [WARN] DetailPanel:346 - Failed to get advertising image, set to default
2025-08-18 16:08:03,638 [FATAL] Updater:351 - Updater called before beeing initialized
2025-08-18 16:08:03,683 [ERROR] Updater:1198 - MainUpdater not yet initialized. External WinMGr cannot be set.
2025-08-18 16:08:03,686 [INFO] Updater:1134 - Updater Version found : 6.14.0
2025-08-18 16:08:03,716 [INFO] ApplicationProperties:184 - Using Application install path: /opt/st/stm32cubeide_1.18.0/plugins/com.st.stm32cube.common.mx_6.14.0.202502271554
2025-08-18 16:08:04,137 [INFO] MainUpdater:2872 - connection check result : 10
2025-08-18 16:08:04,138 [INFO] MainUpdater:289 - Updater Check For Update Now.
2025-08-18 16:08:04,138 [INFO] MicroXplorer:498 - Change Database Version : DB.6.0.140
2025-08-18 16:08:04,147 [INFO] McuFinderGlobals:63 - Set McuFinder mode to 2 (CubeIDE integrated)
2025-08-18 16:08:04,157 [INFO] UserAuth:486 - Internet connection configuration mode: 1
2025-08-18 16:08:04,211 [INFO] JxBrowserEngine:152 - Initiate JxBrowser Engine with user profile folder
2025-08-18 16:08:04,300 [WARN] MainUpdater:1193 - Updater busy. Cannot search thirdparties
2025-08-18 16:08:04,300 [INFO] ThirdPartyUpdaterWithRetryManager:96 - Updater plugin is busy. [1/15]
2025-08-18 16:08:04,400 [INFO] CheckServerUpdateThread:120 - End of CheckServer Thread
2025-08-18 16:08:08,623 [WARN] PackLoader:240 - Cannot read IP mode file for STMicroelectronics.FP-SNS-MOTENVWB1.1.4.0
2025-08-18 16:08:08,638 [WARN] PackLoader:240 - Cannot read IP mode file for STMicroelectronics.FP-ATR-ASTRA1.2.0.2
2025-08-18 16:08:08,651 [WARN] PackLoader:240 - Cannot read IP mode file for STMicroelectronics.X-CUBE-SMBUS.2.1.0
2025-08-18 16:08:08,661 [WARN] PackLoader:240 - Cannot read IP mode file for STMicroelectronics.X-CUBE-ST60.1.0.0
2025-08-18 16:08:08,732 [WARN] PackLoader:240 - Cannot read IP mode file for STMicroelectronics.X-CUBE-AZRTOS-F7.1.1.0
2025-08-18 16:08:08,805 [WARN] PackLoader:240 - Cannot read IP mode file for Infineon.AIROC-Wi-Fi-Bluetooth-STM32.1.7.1
2025-08-18 16:08:08,869 [WARN] PackLoader:240 - Cannot read IP mode file for STMicroelectronics.X-CUBE-AZRTOS-H7.3.4.0
2025-08-18 16:08:08,890 [WARN] PackLoader:240 - Cannot read IP mode file for STMicroelectronics.X-CUBE-DISPLAY.3.0.0
2025-08-18 16:08:08,938 [WARN] PackLoader:240 - Cannot read IP mode file for STMicroelectronics.X-CUBE-NFC10.1.0.0
2025-08-18 16:08:08,955 [WARN] PackLoader:240 - Cannot read IP mode file for emotas.I-CUBE-CANOPEN.1.3.0
2025-08-18 16:08:08,961 [WARN] ConditionMgr:438 - getConditionDescription Invalid condition id : Cortex-A Device cause : null
2025-08-18 16:08:08,980 [WARN] ConditionMgr:1044 - genDependencies : Invalid condition id : Cortex-A Device cause : null
2025-08-18 16:08:08,980 [WARN] ConditionMgr:1044 - genDependencies : Invalid condition id : Cortex-A Device cause : null
2025-08-18 16:08:08,980 [WARN] ConditionMgr:1044 - genDependencies : Invalid condition id : Cortex-A Device cause : null
2025-08-18 16:08:08,992 [ERROR] Engine:466 - /home/xubuntu/.stm32cubemx/thirdparties/pdsc/STMicroelectronics.FP-SNS-STBOX1.2.1.0.pdsc: PDSC version is not supported
2025-08-18 16:08:09,000 [WARN] PackLoader:240 - Cannot read IP mode file for STMicroelectronics.FP-SNS-SMARTAG2.1.2.0
2025-08-18 16:08:09,009 [WARN] PackLoader:240 - Cannot read IP mode file for STMicroelectronics.FP-SNS-FLIGHT1.5.1.0
2025-08-18 16:08:09,039 [INFO] LogOutputStream:77 - [STDOUT_REDIRECT] 1 : Invalid condition id : UX_CORESTACK_Condition cause : null
2025-08-18 16:08:09,040 [INFO] LogOutputStream:77 - [STDOUT_REDIRECT] 1 : Invalid condition id : UX_CORESTACK_Condition cause : null
2025-08-18 16:08:09,040 [INFO] LogOutputStream:77 - [STDOUT_REDIRECT] 1 : Invalid condition id : UX_CORESTACK_Condition cause : null
2025-08-18 16:08:09,041 [INFO] LogOutputStream:77 - [STDOUT_REDIRECT] 1 : Invalid condition id : UX_CORESTACK_Condition cause : null
2025-08-18 16:08:09,041 [INFO] LogOutputStream:77 - [STDOUT_REDIRECT] 1 : Invalid condition id : UX_CORESTACK_Condition cause : null
2025-08-18 16:08:09,049 [WARN] PackLoader:240 - Cannot read IP mode file for STMicroelectronics.X-CUBE-AZRTOS-WL.2.0.0
2025-08-18 16:08:09,057 [WARN] PackLoader:240 - Cannot read IP mode file for STMicroelectronics.FP-SNS-MOTENV1.5.0.0
2025-08-18 16:08:09,074 [WARN] PackLoader:240 - Cannot read IP mode file for WES.I-CUBE-Cesium.1.3.0
2025-08-18 16:08:09,085 [WARN] PackLoader:240 - Cannot read IP mode file for STMicroelectronics.X-CUBE-BLE2.3.3.0
2025-08-18 16:08:09,100 [WARN] PackLoader:240 - Cannot read IP mode file for STMicroelectronics.X-CUBE-NFC9.1.0.0
2025-08-18 16:08:09,124 [WARN] PackLoader:240 - Cannot read IP mode file for wolfSSL.I-CUBE-wolfSSL.5.8.0
2025-08-18 16:08:09,148 [WARN] PackLoader:240 - Cannot read IP mode file for STMicroelectronics.X-CUBE-BLE1.7.1.0
2025-08-18 16:08:09,155 [WARN] PackLoader:240 - Cannot read IP mode file for wolfSSL.I-CUBE-wolfMQTT.1.19.2
2025-08-18 16:08:09,169 [WARN] PackLoader:240 - Cannot read IP mode file for STMicroelectronics.X-CUBE-EEPRMA1.5.2.0
2025-08-18 16:08:09,183 [WARN] PackLoader:240 - Cannot read IP mode file for STMicroelectronics.X-CUBE-AI.10.1.0
2025-08-18 16:08:09,257 [WARN] PackLoader:240 - Cannot read IP mode file for STMicroelectronics.X-CUBE-AZRTOS-G0.1.1.0
2025-08-18 16:08:09,278 [WARN] PackLoader:240 - Cannot read IP mode file for STMicroelectronics.X-CUBE-SAFEA1.1.2.2
2025-08-18 16:08:09,289 [WARN] PackLoader:240 - Cannot read IP mode file for STMicroelectronics.X-CUBE-NFC4.3.0.0
2025-08-18 16:08:09,309 [WARN] PackLoader:240 - Cannot read IP mode file for EmbeddedOffice.I-CUBE-FS-RTOS.1.0.1
2025-08-18 16:08:09,318 [WARN] PackLoader:240 - Cannot read IP mode file for STMicroelectronics.X-CUBE-WB05N.2.0.0
2025-08-18 16:08:09,323 [WARN] PackLoader:240 - Cannot read IP mode file for wolfSSL.I-CUBE-wolfTPM.3.8.0
2025-08-18 16:08:09,334 [WARN] PackLoader:240 - Cannot read IP mode file for STMicroelectronics.X-CUBE-TCPP.4.2.0
2025-08-18 16:08:09,347 [WARN] PackLoader:240 - Cannot read IP mode file for RealThread.X-CUBE-RT-Thread_Nano.4.1.1
2025-08-18 16:08:09,354 [WARN] PackLoader:240 - Cannot read IP mode file for STMicroelectronics.FP-ATR-SIGFOX1.3.2.0
2025-08-18 16:08:09,365 [WARN] PackLoader:240 - Cannot read IP mode file for ITTIA_DB.I-CUBE-ITTIADB.8.9.0
2025-08-18 16:08:09,389 [WARN] PackLoader:240 - Cannot read IP mode file for STMicroelectronics.X-CUBE-ST67W61.1.0.0
2025-08-18 16:08:09,394 [WARN] PackLoader:240 - Cannot read IP mode file for STMicroelectronics.X-CUBE-AI.10.2.0
2025-08-18 16:08:09,447 [WARN] PackLoader:240 - Cannot read IP mode file for SEGGER.I-CUBE-embOS.1.3.1
2025-08-18 16:08:09,538 [WARN] PackLoader:240 - Cannot read IP mode file for STMicroelectronics.X-CUBE-ALGOBUILD.1.4.0
2025-08-18 16:08:09,652 [WARN] PackLoader:240 - Cannot read IP mode file for STMicroelectronics.X-CUBE-MEMS1.11.3.0
2025-08-18 16:08:10,045 [WARN] PackLoader:240 - Cannot read IP mode file for STMicroelectronics.X-CUBE-PM33A1.1.0.0
2025-08-18 16:08:10,097 [WARN] PackLoader:240 - Cannot read IP mode file for STMicroelectronics.X-CUBE-AZRTOS-F4.1.1.0
2025-08-18 16:08:10,109 [WARN] PackLoader:240 - Cannot read IP mode file for Avnet-IotConnect.X-CUBE-IoTC-DA16k-PMOD.1.0.0
2025-08-18 16:08:10,117 [WARN] PackLoader:240 - Cannot read IP mode file for STMicroelectronics.X-CUBE-ISPU.2.1.0
2025-08-18 16:08:10,149 [WARN] PackLoader:240 - Cannot read IP mode file for STMicroelectronics.X-CUBE-NFC12.1.0.0
2025-08-18 16:08:10,694 [WARN] PackLoader:240 - Cannot read IP mode file for STMicroelectronics.X-CUBE-AZRTOS-L5.2.0.0
2025-08-18 16:08:11,097 [WARN] PackLoader:240 - Cannot read IP mode file for STMicroelectronics.X-CUBE-NFC6.3.1.0
2025-08-18 16:08:11,329 [WARN] PackLoader:240 - Cannot read IP mode file for STMicroelectronics.X-CUBE-FREERTOS.1.3.1
2025-08-18 16:08:11,584 [WARN] PackLoader:240 - Cannot read IP mode file for STMicroelectronics.FP-SNS-STAIOTCFT.1.0.0
2025-08-18 16:08:11,747 [WARN] PackLoader:240 - Cannot read IP mode file for STMicroelectronics.X-CUBE-DPower.1.3.0
2025-08-18 16:08:12,894 [WARN] ConditionMgr:438 - getConditionDescription Invalid condition id : LAN8742 Phy interface Condition cause : null
2025-08-18 16:08:12,895 [WARN] PackLoader:240 - Cannot read IP mode file for STMicroelectronics.X-CUBE-AZRTOS-L4.2.0.0
2025-08-18 16:08:12,897 [WARN] ConditionMgr:1044 - genDependencies : Invalid condition id : LAN8742 Phy interface Condition cause : null
2025-08-18 16:08:12,898 [WARN] ConditionMgr:1044 - genDependencies : Invalid condition id : LAN8742 Phy interface Condition cause : null
2025-08-18 16:08:12,899 [WARN] ConditionMgr:1044 - genDependencies : Invalid condition id : LAN8742 Phy interface Condition cause : null
2025-08-18 16:08:13,218 [WARN] PackLoader:240 - Cannot read IP mode file for STMicroelectronics.X-CUBE-SFXS2LP1.4.0.0
2025-08-18 16:08:13,790 [WARN] PackLoader:240 - Cannot read IP mode file for STMicroelectronics.X-CUBE-BLEMGR.4.1.0
2025-08-18 16:08:14,171 [WARN] ConditionMgr:438 - getConditionDescription Invalid condition id : UX DEVICE CLASS RTOS Condition cause : null
2025-08-18 16:08:14,172 [WARN] ConditionMgr:438 - getConditionDescription Invalid condition id : UX DEVICE CLASS RTOS Condition cause : null
2025-08-18 16:08:14,177 [WARN] PackLoader:240 - Cannot read IP mode file for STMicroelectronics.X-CUBE-AZRTOS-WB.2.0.0
2025-08-18 16:08:14,988 [WARN] ConditionMgr:1044 - genDependencies : Invalid condition id : UX DEVICE CLASS RTOS Condition cause : null
2025-08-18 16:08:14,989 [WARN] ConditionMgr:1044 - genDependencies : Invalid condition id : UX DEVICE CLASS RTOS Condition cause : null
2025-08-18 16:08:14,989 [WARN] ConditionMgr:1044 - genDependencies : Invalid condition id : UX DEVICE CLASS RTOS Condition cause : null
2025-08-18 16:08:14,989 [WARN] ConditionMgr:1044 - genDependencies : Invalid condition id : UX DEVICE CLASS RTOS Condition cause : null
2025-08-18 16:08:14,990 [WARN] ConditionMgr:1044 - genDependencies : Invalid condition id : UX DEVICE CLASS RTOS Condition cause : null
2025-08-18 16:08:15,084 [WARN] PackLoader:240 - Cannot read IP mode file for STMicroelectronics.X-CUBE-GNSS1.7.0.1
2025-08-18 16:08:15,108 [WARN] PackLoader:240 - Cannot read IP mode file for STMicroelectronics.X-CUBE-TOUCHGFX.4.25.0
2025-08-18 16:08:15,179 [WARN] PackLoader:240 - Cannot read IP mode file for STMicroelectronics.FP-SNS-STBOX1.2.0.0
2025-08-18 16:08:15,722 [WARN] PackLoader:240 - Cannot read IP mode file for STMicroelectronics.X-CUBE-SUBG2.5.0.0
2025-08-18 16:08:15,882 [WARN] PackLoader:240 - Cannot read IP mode file for STMicroelectronics.X-CUBE-AZRTOS-H7RS.1.1.0
2025-08-18 16:08:15,890 [WARN] PackLoader:240 - Cannot read IP mode file for Cesanta.I-CUBE-Mongoose.7.13.0
2025-08-18 16:08:15,935 [WARN] PackLoader:240 - Cannot read IP mode file for STMicroelectronics.X-CUBE-AZRTOS-G4.2.0.0
2025-08-18 16:08:15,949 [WARN] PackLoader:240 - Cannot read IP mode file for wolfSSL.I-CUBE-wolfSSH.1.4.20
2025-08-18 16:08:15,958 [WARN] PackLoader:240 - Cannot read IP mode file for STMicroelectronics.X-CUBE-NFC7.2.0.0
2025-08-18 16:08:16,015 [WARN] PackLoader:240 - Cannot read IP mode file for STMicroelectronics.X-CUBE-IPS.3.1.0
2025-08-18 16:08:16,025 [WARN] PackLoader:240 - Cannot read IP mode file for STMicroelectronics.X-CUBE-ALS.1.0.2
2025-08-18 16:08:16,043 [WARN] PackLoader:240 - Cannot read IP mode file for portGmbH.I-Cube-SoM-uGOAL.1.1.0
2025-08-18 16:08:16,099 [WARN] PackLoader:240 - Cannot read IP mode file for STMicroelectronics.X-CUBE-TOF1.3.4.3
2025-08-18 16:08:16,113 [INFO] ThirdParty:978 - Integrity check success = true
2025-08-18 16:08:16,113 [INFO] IntegrityCheckThread:100 - exiting critical section [integrity check]
2025-08-18 16:08:16,113 [INFO] IntegrityCheckThread:103 - End integrity checks thread
2025-08-18 16:08:27,159 [INFO] WebApp:169 - Instantiating new browser for Auth
2025-08-18 16:08:39,792 [INFO] WebApp:463 - Apply proxy settings
2025-08-18 16:08:39,793 [INFO] WebApp:548 - Chromium requires no authentication
2025-08-18 16:08:39,805 [INFO] WebApp:491 - Direct internet connection detected
2025-08-18 16:08:39,881 [INFO] WebApp:894 - Register for checkConnection events
2025-08-18 16:08:39,882 [INFO] WebApp:463 - Apply proxy settings
2025-08-18 16:08:39,882 [INFO] WebApp:548 - Chromium requires no authentication
2025-08-18 16:08:39,907 [INFO] WebApp:491 - Direct internet connection detected
2025-08-18 16:08:41,189 [INFO] WebApp:225 - Starting web application
2025-08-18 16:08:41,190 [INFO] WebApp:593 - Web application path used /opt/st/stm32cubeide_1.18.0/plugins/com.st.stm32cube.common.mx_6.14.0.202502271554/db/plugins/mcufinder/reactClient1/index.html
2025-08-18 16:08:41,588 [INFO] WebApp:191 - Connection restablished
2025-08-18 16:08:41,770 [INFO] UserAuth:486 - Internet connection configuration mode: 1
